Analysis & Synthesis report for main
Mon Mar 15 12:19:50 2021
Quartus Prime Version 18.0.0 Build 614 04/24/2018 SJ Lite Edition


---------------------
; Table of Contents ;
---------------------
  1. Legal Notice
  2. Analysis & Synthesis Summary
  3. Analysis & Synthesis Settings
  4. Parallel Compilation
  5. Analysis & Synthesis Source Files Read
  6. Analysis & Synthesis Resource Usage Summary
  7. Analysis & Synthesis Resource Utilization by Entity
  8. Registers Removed During Synthesis
  9. Removed Registers Triggering Further Register Optimizations
 10. General Register Statistics
 11. Parameter Settings for User Entity Instance: watchdog:b_watchdog
 12. Parameter Settings for User Entity Instance: buffer:b_buffer
 13. Parameter Settings for User Entity Instance: collatzTest:b_collatzTest
 14. Parameter Settings for User Entity Instance: selector:b_mux
 15. Parameter Settings for User Entity Instance: bin2bcd:b_bin2bcd
 16. Port Connectivity Checks: "bin2bcd:b_bin2bcd"
 17. Port Connectivity Checks: "selector:b_mux"
 18. Port Connectivity Checks: "collatzTest:b_collatzTest"
 19. Port Connectivity Checks: "buffer:b_buffer"
 20. Port Connectivity Checks: "watchdog:b_watchdog"
 21. Post-Synthesis Netlist Statistics for Top Partition
 22. Elapsed Time Per Partition
 23. Analysis & Synthesis Messages



----------------
; Legal Notice ;
----------------
Copyright (C) 2018  Intel Corporation. All rights reserved.
Your use of Intel Corporation's design tools, logic functions 
and other software and tools, and its AMPP partner logic 
functions, and any output files from any of the foregoing 
(including device programming or simulation files), and any 
associated documentation or information are expressly subject 
to the terms and conditions of the Intel Program License 
Subscription Agreement, the Intel Quartus Prime License Agreement,
the Intel FPGA IP License Agreement, or other applicable license
agreement, including, without limitation, that your use is for
the sole purpose of programming logic devices manufactured by
Intel and sold by Intel or its authorized distributors.  Please
refer to the applicable agreement for further details.



+----------------------------------------------------------------------------------+
; Analysis & Synthesis Summary                                                     ;
+------------------------------------+---------------------------------------------+
; Analysis & Synthesis Status        ; Successful - Mon Mar 15 12:19:50 2021       ;
; Quartus Prime Version              ; 18.0.0 Build 614 04/24/2018 SJ Lite Edition ;
; Revision Name                      ; main                                        ;
; Top-level Entity Name              ; main                                        ;
; Family                             ; Cyclone IV E                                ;
; Total logic elements               ; 0                                           ;
;     Total combinational functions  ; 0                                           ;
;     Dedicated logic registers      ; 0                                           ;
; Total registers                    ; 0                                           ;
; Total pins                         ; 70                                          ;
; Total virtual pins                 ; 0                                           ;
; Total memory bits                  ; 0                                           ;
; Embedded Multiplier 9-bit elements ; 0                                           ;
; Total PLLs                         ; 0                                           ;
+------------------------------------+---------------------------------------------+


+------------------------------------------------------------------------------------------------------------+
; Analysis & Synthesis Settings                                                                              ;
+------------------------------------------------------------------+--------------------+--------------------+
; Option                                                           ; Setting            ; Default Value      ;
+------------------------------------------------------------------+--------------------+--------------------+
; Device                                                           ; EP4CE6E22A7        ;                    ;
; Top-level entity name                                            ; main               ; main               ;
; Family name                                                      ; Cyclone IV E       ; Cyclone V          ;
; Use smart compilation                                            ; Off                ; Off                ;
; Enable parallel Assembler and Timing Analyzer during compilation ; On                 ; On                 ;
; Enable compact report table                                      ; Off                ; Off                ;
; Restructure Multiplexers                                         ; Auto               ; Auto               ;
; Create Debugging Nodes for IP Cores                              ; Off                ; Off                ;
; Preserve fewer node names                                        ; On                 ; On                 ;
; Intel FPGA IP Evaluation Mode                                    ; Enable             ; Enable             ;
; Verilog Version                                                  ; Verilog_2001       ; Verilog_2001       ;
; VHDL Version                                                     ; VHDL_1993          ; VHDL_1993          ;
; State Machine Processing                                         ; Auto               ; Auto               ;
; Safe State Machine                                               ; Off                ; Off                ;
; Extract Verilog State Machines                                   ; On                 ; On                 ;
; Extract VHDL State Machines                                      ; On                 ; On                 ;
; Ignore Verilog initial constructs                                ; Off                ; Off                ;
; Iteration limit for constant Verilog loops                       ; 5000               ; 5000               ;
; Iteration limit for non-constant Verilog loops                   ; 250                ; 250                ;
; Add Pass-Through Logic to Inferred RAMs                          ; On                 ; On                 ;
; Infer RAMs from Raw Logic                                        ; On                 ; On                 ;
; Parallel Synthesis                                               ; On                 ; On                 ;
; DSP Block Balancing                                              ; Auto               ; Auto               ;
; NOT Gate Push-Back                                               ; On                 ; On                 ;
; Power-Up Don't Care                                              ; On                 ; On                 ;
; Remove Redundant Logic Cells                                     ; Off                ; Off                ;
; Remove Duplicate Registers                                       ; On                 ; On                 ;
; Ignore CARRY Buffers                                             ; Off                ; Off                ;
; Ignore CASCADE Buffers                                           ; Off                ; Off                ;
; Ignore GLOBAL Buffers                                            ; Off                ; Off                ;
; Ignore ROW GLOBAL Buffers                                        ; Off                ; Off                ;
; Ignore LCELL Buffers                                             ; Off                ; Off                ;
; Ignore SOFT Buffers                                              ; On                 ; On                 ;
; Limit AHDL Integers to 32 Bits                                   ; Off                ; Off                ;
; Optimization Technique                                           ; Balanced           ; Balanced           ;
; Carry Chain Length                                               ; 70                 ; 70                 ;
; Auto Carry Chains                                                ; On                 ; On                 ;
; Auto Open-Drain Pins                                             ; On                 ; On                 ;
; Perform WYSIWYG Primitive Resynthesis                            ; Off                ; Off                ;
; Auto ROM Replacement                                             ; On                 ; On                 ;
; Auto RAM Replacement                                             ; On                 ; On                 ;
; Auto DSP Block Replacement                                       ; On                 ; On                 ;
; Auto Shift Register Replacement                                  ; Auto               ; Auto               ;
; Allow Shift Register Merging across Hierarchies                  ; Auto               ; Auto               ;
; Auto Clock Enable Replacement                                    ; On                 ; On                 ;
; Strict RAM Replacement                                           ; Off                ; Off                ;
; Allow Synchronous Control Signals                                ; On                 ; On                 ;
; Force Use of Synchronous Clear Signals                           ; Off                ; Off                ;
; Auto RAM Block Balancing                                         ; On                 ; On                 ;
; Auto RAM to Logic Cell Conversion                                ; Off                ; Off                ;
; Auto Resource Sharing                                            ; Off                ; Off                ;
; Allow Any RAM Size For Recognition                               ; Off                ; Off                ;
; Allow Any ROM Size For Recognition                               ; Off                ; Off                ;
; Allow Any Shift Register Size For Recognition                    ; Off                ; Off                ;
; Use LogicLock Constraints during Resource Balancing              ; On                 ; On                 ;
; Ignore translate_off and synthesis_off directives                ; Off                ; Off                ;
; Timing-Driven Synthesis                                          ; On                 ; On                 ;
; Report Parameter Settings                                        ; On                 ; On                 ;
; Report Source Assignments                                        ; On                 ; On                 ;
; Report Connectivity Checks                                       ; On                 ; On                 ;
; Ignore Maximum Fan-Out Assignments                               ; Off                ; Off                ;
; Synchronization Register Chain Length                            ; 2                  ; 2                  ;
; Power Optimization During Synthesis                              ; Normal compilation ; Normal compilation ;
; HDL message level                                                ; Level2             ; Level2             ;
; Suppress Register Optimization Related Messages                  ; Off                ; Off                ;
; Number of Removed Registers Reported in Synthesis Report         ; 5000               ; 5000               ;
; Number of Swept Nodes Reported in Synthesis Report               ; 5000               ; 5000               ;
; Number of Inverted Registers Reported in Synthesis Report        ; 100                ; 100                ;
; Clock MUX Protection                                             ; On                 ; On                 ;
; Auto Gated Clock Conversion                                      ; Off                ; Off                ;
; Block Design Naming                                              ; Auto               ; Auto               ;
; SDC constraint protection                                        ; Off                ; Off                ;
; Synthesis Effort                                                 ; Auto               ; Auto               ;
; Shift Register Replacement - Allow Asynchronous Clear Signal     ; On                 ; On                 ;
; Pre-Mapping Resynthesis Optimization                             ; Off                ; Off                ;
; Analysis & Synthesis Message Level                               ; Medium             ; Medium             ;
; Disable Register Merging Across Hierarchies                      ; Auto               ; Auto               ;
; Resource Aware Inference For Block RAM                           ; On                 ; On                 ;
+------------------------------------------------------------------+--------------------+--------------------+


+------------------------------------------+
; Parallel Compilation                     ;
+----------------------------+-------------+
; Processors                 ; Number      ;
+----------------------------+-------------+
; Number detected on machine ; 2           ;
; Maximum allowed            ; 2           ;
;                            ;             ;
; Average used               ; 1.00        ;
; Maximum used               ; 1           ;
;                            ;             ;
; Usage by Processor         ; % Time Used ;
;     Processor 1            ; 100.0%      ;
+----------------------------+-------------+


+---------------------------------------------------------------------------------------------------------------------------------+
; Analysis & Synthesis Source Files Read                                                                                          ;
+----------------------------------+-----------------+------------------------+-----------------------------------------+---------+
; File Name with User-Entered Path ; Used in Netlist ; File Type              ; File Name with Absolute Path            ; Library ;
+----------------------------------+-----------------+------------------------+-----------------------------------------+---------+
; watchdog.v                       ; yes             ; User Verilog HDL File  ; C:/Users/Jan/Desktop/main/watchdog.v    ;         ;
; selector.v                       ; yes             ; User Verilog HDL File  ; C:/Users/Jan/Desktop/main/selector.v    ;         ;
; control.v                        ; yes             ; User Verilog HDL File  ; C:/Users/Jan/Desktop/main/control.v     ;         ;
; collatzTest.v                    ; yes             ; User Verilog HDL File  ; C:/Users/Jan/Desktop/main/collatzTest.v ;         ;
; clock.v                          ; yes             ; User Verilog HDL File  ; C:/Users/Jan/Desktop/main/clock.v       ;         ;
; buffer.v                         ; yes             ; User Verilog HDL File  ; C:/Users/Jan/Desktop/main/buffer.v      ;         ;
; bin2bcd.v                        ; yes             ; User Verilog HDL File  ; C:/Users/Jan/Desktop/main/bin2bcd.v     ;         ;
; bcd7seg.v                        ; yes             ; User Verilog HDL File  ; C:/Users/Jan/Desktop/main/bcd7seg.v     ;         ;
; main.v                           ; yes             ; User Verilog HDL File  ; C:/Users/Jan/Desktop/main/main.v        ;         ;
+----------------------------------+-----------------+------------------------+-----------------------------------------+---------+


+----------------------------------------------------------------+
; Analysis & Synthesis Resource Usage Summary                    ;
+---------------------------------------------+------------------+
; Resource                                    ; Usage            ;
+---------------------------------------------+------------------+
;                                             ;                  ;
; Total combinational functions               ; 0                ;
; Logic element usage by number of LUT inputs ;                  ;
;     -- 4 input functions                    ; 0                ;
;     -- 3 input functions                    ; 0                ;
;     -- <=2 input functions                  ; 0                ;
;                                             ;                  ;
; Logic elements by mode                      ;                  ;
;     -- normal mode                          ; 0                ;
;     -- arithmetic mode                      ; 0                ;
;                                             ;                  ;
; Total registers                             ; 0                ;
;     -- Dedicated logic registers            ; 0                ;
;     -- I/O registers                        ; 0                ;
;                                             ;                  ;
; I/O pins                                    ; 70               ;
;                                             ;                  ;
; Embedded Multiplier 9-bit elements          ; 0                ;
;                                             ;                  ;
; Maximum fan-out node                        ; seg_10[0]~output ;
; Maximum fan-out                             ; 1                ;
; Total fan-out                               ; 70               ;
; Average fan-out                             ; 0.50             ;
+---------------------------------------------+------------------+


+----------------------------------------------------------------------------------------------------------------------------------------------------------------------------------------------------------+
; Analysis & Synthesis Resource Utilization by Entity                                                                                                                                                      ;
+----------------------------+---------------------+---------------------------+-------------+--------------+---------+-----------+------+--------------+---------------------+-------------+--------------+
; Compilation Hierarchy Node ; Combinational ALUTs ; Dedicated Logic Registers ; Memory Bits ; DSP Elements ; DSP 9x9 ; DSP 18x18 ; Pins ; Virtual Pins ; Full Hierarchy Name ; Entity Name ; Library Name ;
+----------------------------+---------------------+---------------------------+-------------+--------------+---------+-----------+------+--------------+---------------------+-------------+--------------+
; |main                      ; 0 (0)               ; 0 (0)                     ; 0           ; 0            ; 0       ; 0         ; 70   ; 0            ; |main               ; main        ; work         ;
+----------------------------+---------------------+---------------------------+-------------+--------------+---------+-----------+------+--------------+---------------------+-------------+--------------+
Note: For table entries with two numbers listed, the numbers in parentheses indicate the number of resources of the given type used by the specific entity alone. The numbers listed outside of parentheses indicate the total resources of the given type used by the specific entity and all of its sub-entities in the hierarchy.


+---------------------------------------------------------------------------------------------+
; Registers Removed During Synthesis                                                          ;
+-----------------------------------------------+---------------------------------------------+
; Register name                                 ; Reason for Removal                          ;
+-----------------------------------------------+---------------------------------------------+
; collatzTest:b_collatzTest|result[0..31]       ; Lost fanout                                 ;
; buffer:b_buffer|data_out[0..31]               ; Stuck at GND due to stuck port data_in      ;
; control:b_control|enable                      ; Lost fanout                                 ;
; control:b_control|running                     ; Stuck at GND due to stuck port clock        ;
; control:b_control|clear                       ; Stuck at GND due to stuck port clock        ;
; control:b_control|go                          ; Stuck at GND due to stuck port clock_enable ;
; control:b_control|run                         ; Stuck at GND due to stuck port clock_enable ;
; collatzTest:b_collatzTest|currentValue[0..31] ; Stuck at GND due to stuck port clock        ;
; watchdog:b_watchdog|cout                      ; Stuck at GND due to stuck port clock        ;
; watchdog:b_watchdog|value[0..31]              ; Stuck at GND due to stuck port clock        ;
; Total Number of Removed Registers = 134       ;                                             ;
+-----------------------------------------------+---------------------------------------------+


+---------------------------------------------------------------------------------------------------------------------------------+
; Removed Registers Triggering Further Register Optimizations                                                                     ;
+------------------------------+---------------------------+----------------------------------------------------------------------+
; Register name                ; Reason for Removal        ; Registers Removed due to This Register                               ;
+------------------------------+---------------------------+----------------------------------------------------------------------+
; control:b_control|clear      ; Stuck at GND              ; watchdog:b_watchdog|cout, watchdog:b_watchdog|value[31],             ;
;                              ; due to stuck port clock   ; watchdog:b_watchdog|value[30], watchdog:b_watchdog|value[29],        ;
;                              ;                           ; watchdog:b_watchdog|value[28], watchdog:b_watchdog|value[27],        ;
;                              ;                           ; watchdog:b_watchdog|value[26], watchdog:b_watchdog|value[25],        ;
;                              ;                           ; watchdog:b_watchdog|value[24], watchdog:b_watchdog|value[23],        ;
;                              ;                           ; watchdog:b_watchdog|value[22], watchdog:b_watchdog|value[21],        ;
;                              ;                           ; watchdog:b_watchdog|value[20], watchdog:b_watchdog|value[19],        ;
;                              ;                           ; watchdog:b_watchdog|value[18], watchdog:b_watchdog|value[17],        ;
;                              ;                           ; watchdog:b_watchdog|value[16], watchdog:b_watchdog|value[15],        ;
;                              ;                           ; watchdog:b_watchdog|value[14], watchdog:b_watchdog|value[13],        ;
;                              ;                           ; watchdog:b_watchdog|value[12], watchdog:b_watchdog|value[11],        ;
;                              ;                           ; watchdog:b_watchdog|value[10], watchdog:b_watchdog|value[9],         ;
;                              ;                           ; watchdog:b_watchdog|value[8], watchdog:b_watchdog|value[7],          ;
;                              ;                           ; watchdog:b_watchdog|value[6], watchdog:b_watchdog|value[5],          ;
;                              ;                           ; watchdog:b_watchdog|value[4], watchdog:b_watchdog|value[3],          ;
;                              ;                           ; watchdog:b_watchdog|value[2], watchdog:b_watchdog|value[1],          ;
;                              ;                           ; watchdog:b_watchdog|value[0]                                         ;
; buffer:b_buffer|data_out[0]  ; Stuck at GND              ; control:b_control|enable, collatzTest:b_collatzTest|currentValue[0], ;
;                              ; due to stuck port data_in ; collatzTest:b_collatzTest|currentValue[1],                           ;
;                              ;                           ; collatzTest:b_collatzTest|currentValue[2],                           ;
;                              ;                           ; collatzTest:b_collatzTest|currentValue[3],                           ;
;                              ;                           ; collatzTest:b_collatzTest|currentValue[4],                           ;
;                              ;                           ; collatzTest:b_collatzTest|currentValue[5],                           ;
;                              ;                           ; collatzTest:b_collatzTest|currentValue[6],                           ;
;                              ;                           ; collatzTest:b_collatzTest|currentValue[7],                           ;
;                              ;                           ; collatzTest:b_collatzTest|currentValue[8],                           ;
;                              ;                           ; collatzTest:b_collatzTest|currentValue[9],                           ;
;                              ;                           ; collatzTest:b_collatzTest|currentValue[10],                          ;
;                              ;                           ; collatzTest:b_collatzTest|currentValue[11],                          ;
;                              ;                           ; collatzTest:b_collatzTest|currentValue[12],                          ;
;                              ;                           ; collatzTest:b_collatzTest|currentValue[13],                          ;
;                              ;                           ; collatzTest:b_collatzTest|currentValue[14],                          ;
;                              ;                           ; collatzTest:b_collatzTest|currentValue[15],                          ;
;                              ;                           ; collatzTest:b_collatzTest|currentValue[16],                          ;
;                              ;                           ; collatzTest:b_collatzTest|currentValue[17],                          ;
;                              ;                           ; collatzTest:b_collatzTest|currentValue[18],                          ;
;                              ;                           ; collatzTest:b_collatzTest|currentValue[19],                          ;
;                              ;                           ; collatzTest:b_collatzTest|currentValue[20],                          ;
;                              ;                           ; collatzTest:b_collatzTest|currentValue[21],                          ;
;                              ;                           ; collatzTest:b_collatzTest|currentValue[22],                          ;
;                              ;                           ; collatzTest:b_collatzTest|currentValue[23],                          ;
;                              ;                           ; collatzTest:b_collatzTest|currentValue[24],                          ;
;                              ;                           ; collatzTest:b_collatzTest|currentValue[27],                          ;
;                              ;                           ; collatzTest:b_collatzTest|currentValue[28],                          ;
;                              ;                           ; collatzTest:b_collatzTest|currentValue[29],                          ;
;                              ;                           ; collatzTest:b_collatzTest|currentValue[30],                          ;
;                              ;                           ; collatzTest:b_collatzTest|currentValue[31]                           ;
; control:b_control|running    ; Stuck at GND              ; control:b_control|go, control:b_control|run,                         ;
;                              ; due to stuck port clock   ; collatzTest:b_collatzTest|currentValue[26]                           ;
; buffer:b_buffer|data_out[25] ; Stuck at GND              ; collatzTest:b_collatzTest|currentValue[25]                           ;
;                              ; due to stuck port data_in ;                                                                      ;
+------------------------------+---------------------------+----------------------------------------------------------------------+


+------------------------------------------------------+
; General Register Statistics                          ;
+----------------------------------------------+-------+
; Statistic                                    ; Value ;
+----------------------------------------------+-------+
; Total registers                              ; 0     ;
; Number of registers using Synchronous Clear  ; 0     ;
; Number of registers using Synchronous Load   ; 0     ;
; Number of registers using Asynchronous Clear ; 0     ;
; Number of registers using Asynchronous Load  ; 0     ;
; Number of registers using Clock Enable       ; 0     ;
; Number of registers using Preset             ; 0     ;
+----------------------------------------------+-------+


+------------------------------------------------------------------+
; Parameter Settings for User Entity Instance: watchdog:b_watchdog ;
+----------------+-------+-----------------------------------------+
; Parameter Name ; Value ; Type                                    ;
+----------------+-------+-----------------------------------------+
; W              ; 32    ; Signed Integer                          ;
+----------------+-------+-----------------------------------------+
Note: In order to hide this table in the UI and the text report file, please set the "Show Parameter Settings in Synthesis Report" option in "Analysis and Synthesis Settings -> More Settings" to "Off".


+--------------------------------------------------------------+
; Parameter Settings for User Entity Instance: buffer:b_buffer ;
+----------------+-------+-------------------------------------+
; Parameter Name ; Value ; Type                                ;
+----------------+-------+-------------------------------------+
; W              ; 32    ; Signed Integer                      ;
+----------------+-------+-------------------------------------+
Note: In order to hide this table in the UI and the text report file, please set the "Show Parameter Settings in Synthesis Report" option in "Analysis and Synthesis Settings -> More Settings" to "Off".


+------------------------------------------------------------------------+
; Parameter Settings for User Entity Instance: collatzTest:b_collatzTest ;
+----------------+-------+-----------------------------------------------+
; Parameter Name ; Value ; Type                                          ;
+----------------+-------+-----------------------------------------------+
; W              ; 32    ; Signed Integer                                ;
+----------------+-------+-----------------------------------------------+
Note: In order to hide this table in the UI and the text report file, please set the "Show Parameter Settings in Synthesis Report" option in "Analysis and Synthesis Settings -> More Settings" to "Off".


+-------------------------------------------------------------+
; Parameter Settings for User Entity Instance: selector:b_mux ;
+----------------+-------+------------------------------------+
; Parameter Name ; Value ; Type                               ;
+----------------+-------+------------------------------------+
; W              ; 32    ; Signed Integer                     ;
+----------------+-------+------------------------------------+
Note: In order to hide this table in the UI and the text report file, please set the "Show Parameter Settings in Synthesis Report" option in "Analysis and Synthesis Settings -> More Settings" to "Off".


+----------------------------------------------------------------+
; Parameter Settings for User Entity Instance: bin2bcd:b_bin2bcd ;
+----------------+-------+---------------------------------------+
; Parameter Name ; Value ; Type                                  ;
+----------------+-------+---------------------------------------+
; W              ; 32    ; Signed Integer                        ;
+----------------+-------+---------------------------------------+
Note: In order to hide this table in the UI and the text report file, please set the "Show Parameter Settings in Synthesis Report" option in "Analysis and Synthesis Settings -> More Settings" to "Off".


+---------------------------------------------------------------------------------------------------------------------------------------------------------------------------------------------------------------+
; Port Connectivity Checks: "bin2bcd:b_bin2bcd"                                                                                                                                                                 ;
+------+--------+----------+------------------------------------------------------------------------------------------------------------------------------------------------------------------------------------+
; Port ; Type   ; Severity ; Details                                                                                                                                                                            ;
+------+--------+----------+------------------------------------------------------------------------------------------------------------------------------------------------------------------------------------+
; bin  ; Input  ; Warning  ; Input port expression (33 bits) is wider than the input port (32 bits) it drives.  The 1 most-significant bit(s) in the expression will be dangling if they have no other fanouts. ;
; bcd  ; Output ; Warning  ; Output or bidir port (42 bits) is wider than the port expression (40 bits) it drives; bit(s) "bcd[41..40]" have no fanouts                                                         ;
+------+--------+----------+------------------------------------------------------------------------------------------------------------------------------------------------------------------------------------+


+-----------------------------------------------------------------------------------------------------------------------------------------------------------------------------------------------------------------+
; Port Connectivity Checks: "selector:b_mux"                                                                                                                                                                      ;
+--------+--------+----------+------------------------------------------------------------------------------------------------------------------------------------------------------------------------------------+
; Port   ; Type   ; Severity ; Details                                                                                                                                                                            ;
+--------+--------+----------+------------------------------------------------------------------------------------------------------------------------------------------------------------------------------------+
; data_a ; Input  ; Warning  ; Input port expression (33 bits) is wider than the input port (32 bits) it drives.  The 1 most-significant bit(s) in the expression will be dangling if they have no other fanouts. ;
; data_b ; Input  ; Warning  ; Input port expression (33 bits) is wider than the input port (32 bits) it drives.  The 1 most-significant bit(s) in the expression will be dangling if they have no other fanouts. ;
; data_c ; Input  ; Warning  ; Input port expression (33 bits) is wider than the input port (32 bits) it drives.  The 1 most-significant bit(s) in the expression will be dangling if they have no other fanouts. ;
; select ; Input  ; Warning  ; Input port expression (1 bits) is smaller than the input port (2 bits) it drives.  Extra input bit(s) "select[1..1]" will be connected to GND.                                     ;
; data_o ; Output ; Warning  ; Output or bidir port (32 bits) is smaller than the port expression (33 bits) it drives.  The 1 most-significant bit(s) in the port expression will be connected to GND.            ;
+--------+--------+----------+------------------------------------------------------------------------------------------------------------------------------------------------------------------------------------+


+--------------------------------------------------------------------------------------------------------------------------------------------------------------------------------------------------------------------+
; Port Connectivity Checks: "collatzTest:b_collatzTest"                                                                                                                                                              ;
+-----------+--------+----------+------------------------------------------------------------------------------------------------------------------------------------------------------------------------------------+
; Port      ; Type   ; Severity ; Details                                                                                                                                                                            ;
+-----------+--------+----------+------------------------------------------------------------------------------------------------------------------------------------------------------------------------------------+
; testValue ; Input  ; Warning  ; Input port expression (33 bits) is wider than the input port (32 bits) it drives.  The 1 most-significant bit(s) in the expression will be dangling if they have no other fanouts. ;
; result    ; Output ; Warning  ; Output or bidir port (32 bits) is smaller than the port expression (33 bits) it drives.  The 1 most-significant bit(s) in the port expression will be connected to GND.            ;
+-----------+--------+----------+------------------------------------------------------------------------------------------------------------------------------------------------------------------------------------+


+--------------------------------------------------------------------------------------------------------------------------------------------------------------------------------------------------------+
; Port Connectivity Checks: "buffer:b_buffer"                                                                                                                                                            ;
+----------+--------+----------+-------------------------------------------------------------------------------------------------------------------------------------------------------------------------+
; Port     ; Type   ; Severity ; Details                                                                                                                                                                 ;
+----------+--------+----------+-------------------------------------------------------------------------------------------------------------------------------------------------------------------------+
; data_in  ; Input  ; Warning  ; Input port expression (1 bits) is smaller than the input port (32 bits) it drives.  Extra input bit(s) "data_in[31..1]" will be connected to GND.                       ;
; data_out ; Output ; Warning  ; Output or bidir port (32 bits) is smaller than the port expression (33 bits) it drives.  The 1 most-significant bit(s) in the port expression will be connected to GND. ;
+----------+--------+----------+-------------------------------------------------------------------------------------------------------------------------------------------------------------------------+


+-----------------------------------------------------------------------------------------------------------------------------------------------------------------------------------------------------+
; Port Connectivity Checks: "watchdog:b_watchdog"                                                                                                                                                     ;
+-------+--------+----------+-------------------------------------------------------------------------------------------------------------------------------------------------------------------------+
; Port  ; Type   ; Severity ; Details                                                                                                                                                                 ;
+-------+--------+----------+-------------------------------------------------------------------------------------------------------------------------------------------------------------------------+
; value ; Output ; Warning  ; Output or bidir port (32 bits) is smaller than the port expression (33 bits) it drives.  The 1 most-significant bit(s) in the port expression will be connected to GND. ;
+-------+--------+----------+-------------------------------------------------------------------------------------------------------------------------------------------------------------------------+


+-----------------------------------------------------+
; Post-Synthesis Netlist Statistics for Top Partition ;
+-----------------------+-----------------------------+
; Type                  ; Count                       ;
+-----------------------+-----------------------------+
; boundary_port         ; 70                          ;
; cycloneiii_lcell_comb ; 2                           ;
;     normal            ; 2                           ;
;         0 data inputs ; 2                           ;
;                       ;                             ;
; Max LUT depth         ; 0.00                        ;
; Average LUT depth     ; 0.00                        ;
+-----------------------+-----------------------------+


+-------------------------------+
; Elapsed Time Per Partition    ;
+----------------+--------------+
; Partition Name ; Elapsed Time ;
+----------------+--------------+
; Top            ; 00:00:01     ;
+----------------+--------------+


+-------------------------------+
; Analysis & Synthesis Messages ;
+-------------------------------+
Info: *******************************************************************
Info: Running Quartus Prime Analysis & Synthesis
    Info: Version 18.0.0 Build 614 04/24/2018 SJ Lite Edition
    Info: Processing started: Mon Mar 15 12:19:10 2021
Info: Command: quartus_map --read_settings_files=on --write_settings_files=off main -c main
Warning (18236): Number of processors has not been specified which may cause overloading on shared machines.  Set the global assignment NUM_PARALLEL_PROCESSORS in your QSF to an appropriate value for best performance.
Info (20030): Parallel compilation is enabled and will use 2 of the 2 processors detected
Info (12021): Found 1 design units, including 1 entities, in source file watchdog.v
    Info (12023): Found entity 1: watchdog File: C:/Users/Jan/Desktop/main/watchdog.v Line: 1
Info (12021): Found 1 design units, including 1 entities, in source file selector.v
    Info (12023): Found entity 1: selector File: C:/Users/Jan/Desktop/main/selector.v Line: 1
Info (12021): Found 1 design units, including 1 entities, in source file control.v
    Info (12023): Found entity 1: control File: C:/Users/Jan/Desktop/main/control.v Line: 1
Info (12021): Found 1 design units, including 1 entities, in source file collatztest.v
    Info (12023): Found entity 1: collatzTest File: C:/Users/Jan/Desktop/main/collatzTest.v Line: 1
Info (12021): Found 1 design units, including 1 entities, in source file clock.v
    Info (12023): Found entity 1: clock File: C:/Users/Jan/Desktop/main/clock.v Line: 1
Info (12021): Found 1 design units, including 1 entities, in source file buffer.v
    Info (12023): Found entity 1: buffer File: C:/Users/Jan/Desktop/main/buffer.v Line: 1
Info (12021): Found 1 design units, including 1 entities, in source file bin2bcd.v
    Info (12023): Found entity 1: bin2bcd File: C:/Users/Jan/Desktop/main/bin2bcd.v Line: 1
Info (12021): Found 1 design units, including 1 entities, in source file bcd7seg.v
    Info (12023): Found entity 1: bcd7seg File: C:/Users/Jan/Desktop/main/bcd7seg.v Line: 1
Info (12021): Found 1 design units, including 1 entities, in source file main.v
    Info (12023): Found entity 1: main File: C:/Users/Jan/Desktop/main/main.v Line: 1
Info (12127): Elaborating entity "main" for the top level hierarchy
Info (12128): Elaborating entity "control" for hierarchy "control:b_control" File: C:/Users/Jan/Desktop/main/main.v Line: 27
Info (12128): Elaborating entity "watchdog" for hierarchy "watchdog:b_watchdog" File: C:/Users/Jan/Desktop/main/main.v Line: 41
Info (12128): Elaborating entity "buffer" for hierarchy "buffer:b_buffer" File: C:/Users/Jan/Desktop/main/main.v Line: 49
Info (12128): Elaborating entity "collatzTest" for hierarchy "collatzTest:b_collatzTest" File: C:/Users/Jan/Desktop/main/main.v Line: 58
Info (12128): Elaborating entity "selector" for hierarchy "selector:b_mux" File: C:/Users/Jan/Desktop/main/main.v Line: 68
Info (12128): Elaborating entity "bin2bcd" for hierarchy "bin2bcd:b_bin2bcd" File: C:/Users/Jan/Desktop/main/main.v Line: 75
Info (12128): Elaborating entity "bcd7seg" for hierarchy "bcd7seg:b_7seg_10" File: C:/Users/Jan/Desktop/main/main.v Line: 79
Info (12128): Elaborating entity "clock" for hierarchy "clock:b_clock" File: C:/Users/Jan/Desktop/main/main.v Line: 106
Warning (10755): Verilog HDL warning at clock.v(9): assignments to clock create a combinational loop File: C:/Users/Jan/Desktop/main/clock.v Line: 9
Warning (12011): Net is missing source, defaulting to GND
    Warning (12110): Net "mux_data_out[32]" is missing source, defaulting to GND File: C:/Users/Jan/Desktop/main/main.v Line: 70
Warning (12011): Net is missing source, defaulting to GND
    Warning (12110): Net "collatz_result[32]" is missing source, defaulting to GND File: C:/Users/Jan/Desktop/main/main.v Line: 60
    Warning (12110): Net "mux_data_out[32]" is missing source, defaulting to GND File: C:/Users/Jan/Desktop/main/main.v Line: 70
Warning (12011): Net is missing source, defaulting to GND
    Warning (12110): Net "buffer_data_out[32]" is missing source, defaulting to GND File: C:/Users/Jan/Desktop/main/main.v Line: 51
    Warning (12110): Net "collatz_result[32]" is missing source, defaulting to GND File: C:/Users/Jan/Desktop/main/main.v Line: 60
    Warning (12110): Net "mux_data_out[32]" is missing source, defaulting to GND File: C:/Users/Jan/Desktop/main/main.v Line: 70
Warning (12011): Net is missing source, defaulting to GND
    Warning (12110): Net "watchdog_value[32]" is missing source, defaulting to GND File: C:/Users/Jan/Desktop/main/main.v Line: 43
    Warning (12110): Net "buffer_data_out[32]" is missing source, defaulting to GND File: C:/Users/Jan/Desktop/main/main.v Line: 51
    Warning (12110): Net "collatz_result[32]" is missing source, defaulting to GND File: C:/Users/Jan/Desktop/main/main.v Line: 60
    Warning (12110): Net "mux_data_out[32]" is missing source, defaulting to GND File: C:/Users/Jan/Desktop/main/main.v Line: 70
Warning (12011): Net is missing source, defaulting to GND
    Warning (12110): Net "watchdog_value[32]" is missing source, defaulting to GND File: C:/Users/Jan/Desktop/main/main.v Line: 43
    Warning (12110): Net "buffer_data_out[32]" is missing source, defaulting to GND File: C:/Users/Jan/Desktop/main/main.v Line: 51
    Warning (12110): Net "collatz_result[32]" is missing source, defaulting to GND File: C:/Users/Jan/Desktop/main/main.v Line: 60
    Warning (12110): Net "mux_data_out[32]" is missing source, defaulting to GND File: C:/Users/Jan/Desktop/main/main.v Line: 70
Warning (12241): 5 hierarchies have connectivity warnings - see the Connectivity Checks report folder
Warning (13024): Output pins are stuck at VCC or GND
    Warning (13410): Pin "seg_10[0]" is stuck at GND File: C:/Users/Jan/Desktop/main/main.v Line: 2
    Warning (13410): Pin "seg_10[1]" is stuck at GND File: C:/Users/Jan/Desktop/main/main.v Line: 2
    Warning (13410): Pin "seg_10[2]" is stuck at GND File: C:/Users/Jan/Desktop/main/main.v Line: 2
    Warning (13410): Pin "seg_10[3]" is stuck at GND File: C:/Users/Jan/Desktop/main/main.v Line: 2
    Warning (13410): Pin "seg_10[4]" is stuck at GND File: C:/Users/Jan/Desktop/main/main.v Line: 2
    Warning (13410): Pin "seg_10[5]" is stuck at GND File: C:/Users/Jan/Desktop/main/main.v Line: 2
    Warning (13410): Pin "seg_10[6]" is stuck at VCC File: C:/Users/Jan/Desktop/main/main.v Line: 2
    Warning (13410): Pin "seg_09[0]" is stuck at GND File: C:/Users/Jan/Desktop/main/main.v Line: 3
    Warning (13410): Pin "seg_09[1]" is stuck at GND File: C:/Users/Jan/Desktop/main/main.v Line: 3
    Warning (13410): Pin "seg_09[2]" is stuck at GND File: C:/Users/Jan/Desktop/main/main.v Line: 3
    Warning (13410): Pin "seg_09[3]" is stuck at GND File: C:/Users/Jan/Desktop/main/main.v Line: 3
    Warning (13410): Pin "seg_09[4]" is stuck at GND File: C:/Users/Jan/Desktop/main/main.v Line: 3
    Warning (13410): Pin "seg_09[5]" is stuck at GND File: C:/Users/Jan/Desktop/main/main.v Line: 3
    Warning (13410): Pin "seg_09[6]" is stuck at VCC File: C:/Users/Jan/Desktop/main/main.v Line: 3
    Warning (13410): Pin "seg_08[0]" is stuck at GND File: C:/Users/Jan/Desktop/main/main.v Line: 4
    Warning (13410): Pin "seg_08[1]" is stuck at GND File: C:/Users/Jan/Desktop/main/main.v Line: 4
    Warning (13410): Pin "seg_08[2]" is stuck at GND File: C:/Users/Jan/Desktop/main/main.v Line: 4
    Warning (13410): Pin "seg_08[3]" is stuck at GND File: C:/Users/Jan/Desktop/main/main.v Line: 4
    Warning (13410): Pin "seg_08[4]" is stuck at GND File: C:/Users/Jan/Desktop/main/main.v Line: 4
    Warning (13410): Pin "seg_08[5]" is stuck at GND File: C:/Users/Jan/Desktop/main/main.v Line: 4
    Warning (13410): Pin "seg_08[6]" is stuck at VCC File: C:/Users/Jan/Desktop/main/main.v Line: 4
    Warning (13410): Pin "seg_07[0]" is stuck at GND File: C:/Users/Jan/Desktop/main/main.v Line: 5
    Warning (13410): Pin "seg_07[1]" is stuck at GND File: C:/Users/Jan/Desktop/main/main.v Line: 5
    Warning (13410): Pin "seg_07[2]" is stuck at GND File: C:/Users/Jan/Desktop/main/main.v Line: 5
    Warning (13410): Pin "seg_07[3]" is stuck at GND File: C:/Users/Jan/Desktop/main/main.v Line: 5
    Warning (13410): Pin "seg_07[4]" is stuck at GND File: C:/Users/Jan/Desktop/main/main.v Line: 5
    Warning (13410): Pin "seg_07[5]" is stuck at GND File: C:/Users/Jan/Desktop/main/main.v Line: 5
    Warning (13410): Pin "seg_07[6]" is stuck at VCC File: C:/Users/Jan/Desktop/main/main.v Line: 5
    Warning (13410): Pin "seg_06[0]" is stuck at GND File: C:/Users/Jan/Desktop/main/main.v Line: 6
    Warning (13410): Pin "seg_06[1]" is stuck at GND File: C:/Users/Jan/Desktop/main/main.v Line: 6
    Warning (13410): Pin "seg_06[2]" is stuck at GND File: C:/Users/Jan/Desktop/main/main.v Line: 6
    Warning (13410): Pin "seg_06[3]" is stuck at GND File: C:/Users/Jan/Desktop/main/main.v Line: 6
    Warning (13410): Pin "seg_06[4]" is stuck at GND File: C:/Users/Jan/Desktop/main/main.v Line: 6
    Warning (13410): Pin "seg_06[5]" is stuck at GND File: C:/Users/Jan/Desktop/main/main.v Line: 6
    Warning (13410): Pin "seg_06[6]" is stuck at VCC File: C:/Users/Jan/Desktop/main/main.v Line: 6
    Warning (13410): Pin "seg_05[0]" is stuck at GND File: C:/Users/Jan/Desktop/main/main.v Line: 7
    Warning (13410): Pin "seg_05[1]" is stuck at GND File: C:/Users/Jan/Desktop/main/main.v Line: 7
    Warning (13410): Pin "seg_05[2]" is stuck at GND File: C:/Users/Jan/Desktop/main/main.v Line: 7
    Warning (13410): Pin "seg_05[3]" is stuck at GND File: C:/Users/Jan/Desktop/main/main.v Line: 7
    Warning (13410): Pin "seg_05[4]" is stuck at GND File: C:/Users/Jan/Desktop/main/main.v Line: 7
    Warning (13410): Pin "seg_05[5]" is stuck at GND File: C:/Users/Jan/Desktop/main/main.v Line: 7
    Warning (13410): Pin "seg_05[6]" is stuck at VCC File: C:/Users/Jan/Desktop/main/main.v Line: 7
    Warning (13410): Pin "seg_04[0]" is stuck at GND File: C:/Users/Jan/Desktop/main/main.v Line: 8
    Warning (13410): Pin "seg_04[1]" is stuck at GND File: C:/Users/Jan/Desktop/main/main.v Line: 8
    Warning (13410): Pin "seg_04[2]" is stuck at GND File: C:/Users/Jan/Desktop/main/main.v Line: 8
    Warning (13410): Pin "seg_04[3]" is stuck at GND File: C:/Users/Jan/Desktop/main/main.v Line: 8
    Warning (13410): Pin "seg_04[4]" is stuck at GND File: C:/Users/Jan/Desktop/main/main.v Line: 8
    Warning (13410): Pin "seg_04[5]" is stuck at GND File: C:/Users/Jan/Desktop/main/main.v Line: 8
    Warning (13410): Pin "seg_04[6]" is stuck at VCC File: C:/Users/Jan/Desktop/main/main.v Line: 8
    Warning (13410): Pin "seg_03[0]" is stuck at GND File: C:/Users/Jan/Desktop/main/main.v Line: 9
    Warning (13410): Pin "seg_03[1]" is stuck at GND File: C:/Users/Jan/Desktop/main/main.v Line: 9
    Warning (13410): Pin "seg_03[2]" is stuck at GND File: C:/Users/Jan/Desktop/main/main.v Line: 9
    Warning (13410): Pin "seg_03[3]" is stuck at GND File: C:/Users/Jan/Desktop/main/main.v Line: 9
    Warning (13410): Pin "seg_03[4]" is stuck at GND File: C:/Users/Jan/Desktop/main/main.v Line: 9
    Warning (13410): Pin "seg_03[5]" is stuck at GND File: C:/Users/Jan/Desktop/main/main.v Line: 9
    Warning (13410): Pin "seg_03[6]" is stuck at VCC File: C:/Users/Jan/Desktop/main/main.v Line: 9
    Warning (13410): Pin "seg_02[0]" is stuck at GND File: C:/Users/Jan/Desktop/main/main.v Line: 10
    Warning (13410): Pin "seg_02[1]" is stuck at GND File: C:/Users/Jan/Desktop/main/main.v Line: 10
    Warning (13410): Pin "seg_02[2]" is stuck at GND File: C:/Users/Jan/Desktop/main/main.v Line: 10
    Warning (13410): Pin "seg_02[3]" is stuck at GND File: C:/Users/Jan/Desktop/main/main.v Line: 10
    Warning (13410): Pin "seg_02[4]" is stuck at GND File: C:/Users/Jan/Desktop/main/main.v Line: 10
    Warning (13410): Pin "seg_02[5]" is stuck at GND File: C:/Users/Jan/Desktop/main/main.v Line: 10
    Warning (13410): Pin "seg_02[6]" is stuck at VCC File: C:/Users/Jan/Desktop/main/main.v Line: 10
    Warning (13410): Pin "seg_01[0]" is stuck at GND File: C:/Users/Jan/Desktop/main/main.v Line: 11
    Warning (13410): Pin "seg_01[1]" is stuck at GND File: C:/Users/Jan/Desktop/main/main.v Line: 11
    Warning (13410): Pin "seg_01[2]" is stuck at GND File: C:/Users/Jan/Desktop/main/main.v Line: 11
    Warning (13410): Pin "seg_01[3]" is stuck at GND File: C:/Users/Jan/Desktop/main/main.v Line: 11
    Warning (13410): Pin "seg_01[4]" is stuck at GND File: C:/Users/Jan/Desktop/main/main.v Line: 11
    Warning (13410): Pin "seg_01[5]" is stuck at GND File: C:/Users/Jan/Desktop/main/main.v Line: 11
    Warning (13410): Pin "seg_01[6]" is stuck at VCC File: C:/Users/Jan/Desktop/main/main.v Line: 11
Info (17049): 33 registers lost all their fanouts during netlist optimizations.
Info (16010): Generating hard_block partition "hard_block:auto_generated_inst"
    Info (16011): Adding 0 node(s), including 0 DDIO, 0 PLL, 0 transceiver and 0 LCELL
Info (21057): Implemented 70 device resources after synthesis - the final resource count might be different
    Info (21058): Implemented 0 input pins
    Info (21059): Implemented 70 output pins
Info: Quartus Prime Analysis & Synthesis was successful. 0 errors, 93 warnings
    Info: Peak virtual memory: 596 megabytes
    Info: Processing ended: Mon Mar 15 12:19:50 2021
    Info: Elapsed time: 00:00:40
    Info: Total CPU time (on all processors): 00:01:08


